
;.include "l-c64-bashead-c000.asm"
;.include "l-c64-bashead-e000.asm"
;.include "l-c64-bashead.asm"

.include "e-c64-basic2.asm"
.include "e-c64-float.asm"
.include "e-c64-kernal.asm"
.include "e-c64-map.asm"
;.include "e-c64-rom9000.asm"
;.include "e-c64-romc000.asm"
.include "e-c64-sid-notes-ntsc.asm"
.include "e-c64-sid-notes-pal.asm"
.include "e-c64-sid.asm"
.include "e-c64-vars9000.asm"
.include "e-c64-varsc000.asm"
.include "e-c64-vicii.asm"
.include "l-c64-bitmap.asm"
.include "l-c64-conv.asm"
.include "l-c64-disk.asm"
.include "l-c64-drawbox.asm"
.include "l-c64-float.asm"
.include "l-c64-keyb.asm"
.include "l-c64-math.asm"
.include "l-c64-mem.asm"
;.include "l-c64-opcodes.asm"
;.include "l-c64-opcycles.asm"
;.include "l-c64-oplenght.asm"
;.include "l-c64-opmneumo.asm"
;.include "l-c64-opmodes.asm"
.include "l-c64-push.asm"
.include "l-c64-screen.asm"
;.include "l-c64-showregs.asm"
.include "l-c64-string.asm"
;.include "l-c64-vectors.asm"
;.include "m-c64-ultimateii.asm"
.include "m-c64-utils.asm"
